==3844== Memcheck, a memory error detector
==3844== Copyright (C) 2002-2022, and GNU GPL'd, by Julian Seward et al.
==3844== Using Valgrind-3.19.0 and LibVEX; rerun with -h for copyright info
==3844== Command: dist/test.bin
==3844== Parent PID: 3837
==3844== 
==3849== 
==3849== HEAP SUMMARY:
==3849==     in use at exit: 1,068 bytes in 31 blocks
==3849==   total heap usage: 49 allocs, 18 frees, 12,051 bytes allocated
==3849== 
==3849== 8 bytes in 1 blocks are still reachable in loss record 1 of 31
==3849==    at 0x48407B4: malloc (vg_replace_malloc.c:381)
==3849==    by 0x10B9D8: emalloc (in /home/kali/Desktop/HPI university/lab_on C(2 curse)/lab11/dist/test.bin)
==3849==    by 0x10BA51: check_list_create (in /home/kali/Desktop/HPI university/lab_on C(2 curse)/lab11/dist/test.bin)
==3849==    by 0x10AB9C: suite_create (in /home/kali/Desktop/HPI university/lab_on C(2 curse)/lab11/dist/test.bin)
==3849==    by 0x10A835: test_suite (main.c:32)
==3849==    by 0x10A8A5: main (main.c:46)
==3849== 
==3849== 8 bytes in 1 blocks are still reachable in loss record 2 of 31
==3849==    at 0x48407B4: malloc (vg_replace_malloc.c:381)
==3849==    by 0x10B9D8: emalloc (in /home/kali/Desktop/HPI university/lab_on C(2 curse)/lab11/dist/test.bin)
==3849==    by 0x10BA51: check_list_create (in /home/kali/Desktop/HPI university/lab_on C(2 curse)/lab11/dist/test.bin)
==3849==    by 0x10ADA4: tcase_create (in /home/kali/Desktop/HPI university/lab_on C(2 curse)/lab11/dist/test.bin)
==3849==    by 0x10A845: test_suite (main.c:33)
==3849==    by 0x10A8A5: main (main.c:46)
==3849== 
==3849== 8 bytes in 1 blocks are still reachable in loss record 3 of 31
==3849==    at 0x48407B4: malloc (vg_replace_malloc.c:381)
==3849==    by 0x10B9D8: emalloc (in /home/kali/Desktop/HPI university/lab_on C(2 curse)/lab11/dist/test.bin)
==3849==    by 0x10BA51: check_list_create (in /home/kali/Desktop/HPI university/lab_on C(2 curse)/lab11/dist/test.bin)
==3849==    by 0x10ADAD: tcase_create (in /home/kali/Desktop/HPI university/lab_on C(2 curse)/lab11/dist/test.bin)
==3849==    by 0x10A845: test_suite (main.c:33)
==3849==    by 0x10A8A5: main (main.c:46)
==3849== 
==3849== 8 bytes in 1 blocks are still reachable in loss record 4 of 31
==3849==    at 0x48407B4: malloc (vg_replace_malloc.c:381)
==3849==    by 0x10B9D8: emalloc (in /home/kali/Desktop/HPI university/lab_on C(2 curse)/lab11/dist/test.bin)
==3849==    by 0x10BA51: check_list_create (in /home/kali/Desktop/HPI university/lab_on C(2 curse)/lab11/dist/test.bin)
==3849==    by 0x10ADB6: tcase_create (in /home/kali/Desktop/HPI university/lab_on C(2 curse)/lab11/dist/test.bin)
==3849==    by 0x10A845: test_suite (main.c:33)
==3849==    by 0x10A8A5: main (main.c:46)
==3849== 
==3849== 8 bytes in 1 blocks are still reachable in loss record 5 of 31
==3849==    at 0x48407B4: malloc (vg_replace_malloc.c:381)
==3849==    by 0x10B9D8: emalloc (in /home/kali/Desktop/HPI university/lab_on C(2 curse)/lab11/dist/test.bin)
==3849==    by 0x10BA51: check_list_create (in /home/kali/Desktop/HPI university/lab_on C(2 curse)/lab11/dist/test.bin)
==3849==    by 0x10ADBF: tcase_create (in /home/kali/Desktop/HPI university/lab_on C(2 curse)/lab11/dist/test.bin)
==3849==    by 0x10A845: test_suite (main.c:33)
==3849==    by 0x10A8A5: main (main.c:46)
==3849== 
==3849== 8 bytes in 1 blocks are still reachable in loss record 6 of 31
==3849==    at 0x48407B4: malloc (vg_replace_malloc.c:381)
==3849==    by 0x10B9D8: emalloc (in /home/kali/Desktop/HPI university/lab_on C(2 curse)/lab11/dist/test.bin)
==3849==    by 0x10BA51: check_list_create (in /home/kali/Desktop/HPI university/lab_on C(2 curse)/lab11/dist/test.bin)
==3849==    by 0x10ADC8: tcase_create (in /home/kali/Desktop/HPI university/lab_on C(2 curse)/lab11/dist/test.bin)
==3849==    by 0x10A845: test_suite (main.c:33)
==3849==    by 0x10A8A5: main (main.c:46)
==3849== 
==3849== 8 bytes in 1 blocks are still reachable in loss record 7 of 31
==3849==    at 0x48407B4: malloc (vg_replace_malloc.c:381)
==3849==    by 0x10B9D8: emalloc (in /home/kali/Desktop/HPI university/lab_on C(2 curse)/lab11/dist/test.bin)
==3849==    by 0x10BA51: check_list_create (in /home/kali/Desktop/HPI university/lab_on C(2 curse)/lab11/dist/test.bin)
==3849==    by 0x10ADD1: tcase_create (in /home/kali/Desktop/HPI university/lab_on C(2 curse)/lab11/dist/test.bin)
==3849==    by 0x10A845: test_suite (main.c:33)
==3849==    by 0x10A8A5: main (main.c:46)
==3849== 
==3849== 8 bytes in 1 blocks are still reachable in loss record 8 of 31
==3849==    at 0x48407B4: malloc (vg_replace_malloc.c:381)
==3849==    by 0x10B9D8: emalloc (in /home/kali/Desktop/HPI university/lab_on C(2 curse)/lab11/dist/test.bin)
==3849==    by 0x10BA51: check_list_create (in /home/kali/Desktop/HPI university/lab_on C(2 curse)/lab11/dist/test.bin)
==3849==    by 0x10B3DA: srunner_create (in /home/kali/Desktop/HPI university/lab_on C(2 curse)/lab11/dist/test.bin)
==3849==    by 0x10A8B2: main (main.c:47)
==3849== 
==3849== 8 bytes in 1 blocks are still reachable in loss record 9 of 31
==3849==    at 0x48407B4: malloc (vg_replace_malloc.c:381)
==3849==    by 0x10B9D8: emalloc (in /home/kali/Desktop/HPI university/lab_on C(2 curse)/lab11/dist/test.bin)
==3849==    by 0x10BA51: check_list_create (in /home/kali/Desktop/HPI university/lab_on C(2 curse)/lab11/dist/test.bin)
==3849==    by 0x10B40E: srunner_create (in /home/kali/Desktop/HPI university/lab_on C(2 curse)/lab11/dist/test.bin)
==3849==    by 0x10A8B2: main (main.c:47)
==3849== 
==3849== 8 bytes in 1 blocks are still reachable in loss record 10 of 31
==3849==    at 0x48407B4: malloc (vg_replace_malloc.c:381)
==3849==    by 0x10B9D8: emalloc (in /home/kali/Desktop/HPI university/lab_on C(2 curse)/lab11/dist/test.bin)
==3849==    by 0x10BA51: check_list_create (in /home/kali/Desktop/HPI university/lab_on C(2 curse)/lab11/dist/test.bin)
==3849==    by 0x10ED95: srunner_init_logging (in /home/kali/Desktop/HPI university/lab_on C(2 curse)/lab11/dist/test.bin)
==3849==    by 0x10D47D: srunner_run_tagged (in /home/kali/Desktop/HPI university/lab_on C(2 curse)/lab11/dist/test.bin)
==3849==    by 0x10A8C4: main (main.c:49)
==3849== 
==3849== 8 bytes in 1 blocks are still reachable in loss record 11 of 31
==3849==    at 0x48407B4: malloc (vg_replace_malloc.c:381)
==3849==    by 0x10B9D8: emalloc (in /home/kali/Desktop/HPI university/lab_on C(2 curse)/lab11/dist/test.bin)
==3849==    by 0x10BA51: check_list_create (in /home/kali/Desktop/HPI university/lab_on C(2 curse)/lab11/dist/test.bin)
==3849==    by 0x10AE1B: tag_string_to_list (in /home/kali/Desktop/HPI university/lab_on C(2 curse)/lab11/dist/test.bin)
==3849==    by 0x10D495: srunner_run_tagged (in /home/kali/Desktop/HPI university/lab_on C(2 curse)/lab11/dist/test.bin)
==3849==    by 0x10A8C4: main (main.c:49)
==3849== 
==3849== 8 bytes in 1 blocks are still reachable in loss record 12 of 31
==3849==    at 0x48407B4: malloc (vg_replace_malloc.c:381)
==3849==    by 0x10B9D8: emalloc (in /home/kali/Desktop/HPI university/lab_on C(2 curse)/lab11/dist/test.bin)
==3849==    by 0x10BA51: check_list_create (in /home/kali/Desktop/HPI university/lab_on C(2 curse)/lab11/dist/test.bin)
==3849==    by 0x10AE1B: tag_string_to_list (in /home/kali/Desktop/HPI university/lab_on C(2 curse)/lab11/dist/test.bin)
==3849==    by 0x10D4A4: srunner_run_tagged (in /home/kali/Desktop/HPI university/lab_on C(2 curse)/lab11/dist/test.bin)
==3849==    by 0x10A8C4: main (main.c:49)
==3849== 
==3849== 12 bytes in 1 blocks are still reachable in loss record 13 of 31
==3849==    at 0x48407B4: malloc (vg_replace_malloc.c:381)
==3849==    by 0x10B9D8: emalloc (in /home/kali/Desktop/HPI university/lab_on C(2 curse)/lab11/dist/test.bin)
==3849==    by 0x10B3F7: srunner_create (in /home/kali/Desktop/HPI university/lab_on C(2 curse)/lab11/dist/test.bin)
==3849==    by 0x10A8B2: main (main.c:47)
==3849== 
==3849== 16 bytes in 1 blocks are still reachable in loss record 14 of 31
==3849==    at 0x48407B4: malloc (vg_replace_malloc.c:381)
==3849==    by 0x10B9D8: emalloc (in /home/kali/Desktop/HPI university/lab_on C(2 curse)/lab11/dist/test.bin)
==3849==    by 0x10AB82: suite_create (in /home/kali/Desktop/HPI university/lab_on C(2 curse)/lab11/dist/test.bin)
==3849==    by 0x10A835: test_suite (main.c:32)
==3849==    by 0x10A8A5: main (main.c:46)
==3849== 
==3849== 24 bytes in 1 blocks are still reachable in loss record 15 of 31
==3849==    at 0x48407B4: malloc (vg_replace_malloc.c:381)
==3849==    by 0x10B9D8: emalloc (in /home/kali/Desktop/HPI university/lab_on C(2 curse)/lab11/dist/test.bin)
==3849==    by 0x10BA3A: check_list_create (in /home/kali/Desktop/HPI university/lab_on C(2 curse)/lab11/dist/test.bin)
==3849==    by 0x10AB9C: suite_create (in /home/kali/Desktop/HPI university/lab_on C(2 curse)/lab11/dist/test.bin)
==3849==    by 0x10A835: test_suite (main.c:32)
==3849==    by 0x10A8A5: main (main.c:46)
==3849== 
==3849== 24 bytes in 1 blocks are still reachable in loss record 16 of 31
==3849==    at 0x48407B4: malloc (vg_replace_malloc.c:381)
==3849==    by 0x10B9D8: emalloc (in /home/kali/Desktop/HPI university/lab_on C(2 curse)/lab11/dist/test.bin)
==3849==    by 0x10BA3A: check_list_create (in /home/kali/Desktop/HPI university/lab_on C(2 curse)/lab11/dist/test.bin)
==3849==    by 0x10ADA4: tcase_create (in /home/kali/Desktop/HPI university/lab_on C(2 curse)/lab11/dist/test.bin)
==3849==    by 0x10A845: test_suite (main.c:33)
==3849==    by 0x10A8A5: main (main.c:46)
==3849== 
==3849== 24 bytes in 1 blocks are still reachable in loss record 17 of 31
==3849==    at 0x48407B4: malloc (vg_replace_malloc.c:381)
==3849==    by 0x10B9D8: emalloc (in /home/kali/Desktop/HPI university/lab_on C(2 curse)/lab11/dist/test.bin)
==3849==    by 0x10BA3A: check_list_create (in /home/kali/Desktop/HPI university/lab_on C(2 curse)/lab11/dist/test.bin)
==3849==    by 0x10ADAD: tcase_create (in /home/kali/Desktop/HPI university/lab_on C(2 curse)/lab11/dist/test.bin)
==3849==    by 0x10A845: test_suite (main.c:33)
==3849==    by 0x10A8A5: main (main.c:46)
==3849== 
==3849== 24 bytes in 1 blocks are still reachable in loss record 18 of 31
==3849==    at 0x48407B4: malloc (vg_replace_malloc.c:381)
==3849==    by 0x10B9D8: emalloc (in /home/kali/Desktop/HPI university/lab_on C(2 curse)/lab11/dist/test.bin)
==3849==    by 0x10BA3A: check_list_create (in /home/kali/Desktop/HPI university/lab_on C(2 curse)/lab11/dist/test.bin)
==3849==    by 0x10ADB6: tcase_create (in /home/kali/Desktop/HPI university/lab_on C(2 curse)/lab11/dist/test.bin)
==3849==    by 0x10A845: test_suite (main.c:33)
==3849==    by 0x10A8A5: main (main.c:46)
==3849== 
==3849== 24 bytes in 1 blocks are still reachable in loss record 19 of 31
==3849==    at 0x48407B4: malloc (vg_replace_malloc.c:381)
==3849==    by 0x10B9D8: emalloc (in /home/kali/Desktop/HPI university/lab_on C(2 curse)/lab11/dist/test.bin)
==3849==    by 0x10BA3A: check_list_create (in /home/kali/Desktop/HPI university/lab_on C(2 curse)/lab11/dist/test.bin)
==3849==    by 0x10ADBF: tcase_create (in /home/kali/Desktop/HPI university/lab_on C(2 curse)/lab11/dist/test.bin)
==3849==    by 0x10A845: test_suite (main.c:33)
==3849==    by 0x10A8A5: main (main.c:46)
==3849== 
==3849== 24 bytes in 1 blocks are still reachable in loss record 20 of 31
==3849==    at 0x48407B4: malloc (vg_replace_malloc.c:381)
==3849==    by 0x10B9D8: emalloc (in /home/kali/Desktop/HPI university/lab_on C(2 curse)/lab11/dist/test.bin)
==3849==    by 0x10BA3A: check_list_create (in /home/kali/Desktop/HPI university/lab_on C(2 curse)/lab11/dist/test.bin)
==3849==    by 0x10ADC8: tcase_create (in /home/kali/Desktop/HPI university/lab_on C(2 curse)/lab11/dist/test.bin)
==3849==    by 0x10A845: test_suite (main.c:33)
==3849==    by 0x10A8A5: main (main.c:46)
==3849== 
==3849== 24 bytes in 1 blocks are still reachable in loss record 21 of 31
==3849==    at 0x48407B4: malloc (vg_replace_malloc.c:381)
==3849==    by 0x10B9D8: emalloc (in /home/kali/Desktop/HPI university/lab_on C(2 curse)/lab11/dist/test.bin)
==3849==    by 0x10BA3A: check_list_create (in /home/kali/Desktop/HPI university/lab_on C(2 curse)/lab11/dist/test.bin)
==3849==    by 0x10ADD1: tcase_create (in /home/kali/Desktop/HPI university/lab_on C(2 curse)/lab11/dist/test.bin)
==3849==    by 0x10A845: test_suite (main.c:33)
==3849==    by 0x10A8A5: main (main.c:46)
==3849== 
==3849== 24 bytes in 1 blocks are still reachable in loss record 22 of 31
==3849==    at 0x48407B4: malloc (vg_replace_malloc.c:381)
==3849==    by 0x10B9D8: emalloc (in /home/kali/Desktop/HPI university/lab_on C(2 curse)/lab11/dist/test.bin)
==3849==    by 0x10AFF3: _tcase_add_test (in /home/kali/Desktop/HPI university/lab_on C(2 curse)/lab11/dist/test.bin)
==3849==    by 0x10A868: test_suite (main.c:34)
==3849==    by 0x10A8A5: main (main.c:46)
==3849== 
==3849== 24 bytes in 1 blocks are still reachable in loss record 23 of 31
==3849==    at 0x48407B4: malloc (vg_replace_malloc.c:381)
==3849==    by 0x10B9D8: emalloc (in /home/kali/Desktop/HPI university/lab_on C(2 curse)/lab11/dist/test.bin)
==3849==    by 0x10BA3A: check_list_create (in /home/kali/Desktop/HPI university/lab_on C(2 curse)/lab11/dist/test.bin)
==3849==    by 0x10B3DA: srunner_create (in /home/kali/Desktop/HPI university/lab_on C(2 curse)/lab11/dist/test.bin)
==3849==    by 0x10A8B2: main (main.c:47)
==3849== 
==3849== 24 bytes in 1 blocks are still reachable in loss record 24 of 31
==3849==    at 0x48407B4: malloc (vg_replace_malloc.c:381)
==3849==    by 0x10B9D8: emalloc (in /home/kali/Desktop/HPI university/lab_on C(2 curse)/lab11/dist/test.bin)
==3849==    by 0x10BA3A: check_list_create (in /home/kali/Desktop/HPI university/lab_on C(2 curse)/lab11/dist/test.bin)
==3849==    by 0x10B40E: srunner_create (in /home/kali/Desktop/HPI university/lab_on C(2 curse)/lab11/dist/test.bin)
==3849==    by 0x10A8B2: main (main.c:47)
==3849== 
==3849== 24 bytes in 1 blocks are still reachable in loss record 25 of 31
==3849==    at 0x48407B4: malloc (vg_replace_malloc.c:381)
==3849==    by 0x10B9D8: emalloc (in /home/kali/Desktop/HPI university/lab_on C(2 curse)/lab11/dist/test.bin)
==3849==    by 0x10BA3A: check_list_create (in /home/kali/Desktop/HPI university/lab_on C(2 curse)/lab11/dist/test.bin)
==3849==    by 0x10ED95: srunner_init_logging (in /home/kali/Desktop/HPI university/lab_on C(2 curse)/lab11/dist/test.bin)
==3849==    by 0x10D47D: srunner_run_tagged (in /home/kali/Desktop/HPI university/lab_on C(2 curse)/lab11/dist/test.bin)
==3849==    by 0x10A8C4: main (main.c:49)
==3849== 
==3849== 24 bytes in 1 blocks are still reachable in loss record 26 of 31
==3849==    at 0x48407B4: malloc (vg_replace_malloc.c:381)
==3849==    by 0x10B9D8: emalloc (in /home/kali/Desktop/HPI university/lab_on C(2 curse)/lab11/dist/test.bin)
==3849==    by 0x10EDB3: srunner_init_logging (in /home/kali/Desktop/HPI university/lab_on C(2 curse)/lab11/dist/test.bin)
==3849==    by 0x10D47D: srunner_run_tagged (in /home/kali/Desktop/HPI university/lab_on C(2 curse)/lab11/dist/test.bin)
==3849==    by 0x10A8C4: main (main.c:49)
==3849== 
==3849== 24 bytes in 1 blocks are still reachable in loss record 27 of 31
==3849==    at 0x48407B4: malloc (vg_replace_malloc.c:381)
==3849==    by 0x10B9D8: emalloc (in /home/kali/Desktop/HPI university/lab_on C(2 curse)/lab11/dist/test.bin)
==3849==    by 0x10BA3A: check_list_create (in /home/kali/Desktop/HPI university/lab_on C(2 curse)/lab11/dist/test.bin)
==3849==    by 0x10AE1B: tag_string_to_list (in /home/kali/Desktop/HPI university/lab_on C(2 curse)/lab11/dist/test.bin)
==3849==    by 0x10D495: srunner_run_tagged (in /home/kali/Desktop/HPI university/lab_on C(2 curse)/lab11/dist/test.bin)
==3849==    by 0x10A8C4: main (main.c:49)
==3849== 
==3849== 24 bytes in 1 blocks are still reachable in loss record 28 of 31
==3849==    at 0x48407B4: malloc (vg_replace_malloc.c:381)
==3849==    by 0x10B9D8: emalloc (in /home/kali/Desktop/HPI university/lab_on C(2 curse)/lab11/dist/test.bin)
==3849==    by 0x10BA3A: check_list_create (in /home/kali/Desktop/HPI university/lab_on C(2 curse)/lab11/dist/test.bin)
==3849==    by 0x10AE1B: tag_string_to_list (in /home/kali/Desktop/HPI university/lab_on C(2 curse)/lab11/dist/test.bin)
==3849==    by 0x10D4A4: srunner_run_tagged (in /home/kali/Desktop/HPI university/lab_on C(2 curse)/lab11/dist/test.bin)
==3849==    by 0x10A8C4: main (main.c:49)
==3849== 
==3849== 64 bytes in 1 blocks are still reachable in loss record 29 of 31
==3849==    at 0x48407B4: malloc (vg_replace_malloc.c:381)
==3849==    by 0x10B9D8: emalloc (in /home/kali/Desktop/HPI university/lab_on C(2 curse)/lab11/dist/test.bin)
==3849==    by 0x10B3D2: srunner_create (in /home/kali/Desktop/HPI university/lab_on C(2 curse)/lab11/dist/test.bin)
==3849==    by 0x10A8B2: main (main.c:47)
==3849== 
==3849== 72 bytes in 1 blocks are still reachable in loss record 30 of 31
==3849==    at 0x48407B4: malloc (vg_replace_malloc.c:381)
==3849==    by 0x10B9D8: emalloc (in /home/kali/Desktop/HPI university/lab_on C(2 curse)/lab11/dist/test.bin)
==3849==    by 0x10AC42: tcase_create (in /home/kali/Desktop/HPI university/lab_on C(2 curse)/lab11/dist/test.bin)
==3849==    by 0x10A845: test_suite (main.c:33)
==3849==    by 0x10A8A5: main (main.c:46)
==3849== 
==3849== 472 bytes in 1 blocks are still reachable in loss record 31 of 31
==3849==    at 0x48407B4: malloc (vg_replace_malloc.c:381)
==3849==    by 0x49BDB02: fdopen@@GLIBC_2.2.5 (iofdopen.c:122)
==3849==    by 0x10BFC9: open_tmp_file (in /home/kali/Desktop/HPI university/lab_on C(2 curse)/lab11/dist/test.bin)
==3849==    by 0x10C233: setup_messaging (in /home/kali/Desktop/HPI university/lab_on C(2 curse)/lab11/dist/test.bin)
==3849==    by 0x10D470: srunner_run_tagged (in /home/kali/Desktop/HPI university/lab_on C(2 curse)/lab11/dist/test.bin)
==3849==    by 0x10A8C4: main (main.c:49)
==3849== 
==3849== LEAK SUMMARY:
==3849==    definitely lost: 0 bytes in 0 blocks
==3849==    indirectly lost: 0 bytes in 0 blocks
==3849==      possibly lost: 0 bytes in 0 blocks
==3849==    still reachable: 1,068 bytes in 31 blocks
==3849==         suppressed: 0 bytes in 0 blocks
==3849== 
==3849== For lists of detected and suppressed errors, rerun with: -s
==3849== ERROR SUMMARY: 0 errors from 0 contexts (suppressed: 0 from 0)
==3844== 
==3844== HEAP SUMMARY:
==3844==     in use at exit: 0 bytes in 0 blocks
==3844==   total heap usage: 53 allocs, 53 frees, 20,977 bytes allocated
==3844== 
==3844== All heap blocks were freed -- no leaks are possible
==3844== 
==3844== For lists of detected and suppressed errors, rerun with: -s
==3844== ERROR SUMMARY: 0 errors from 0 contexts (suppressed: 0 from 0)
